[debug] [2024-01-14T15:50:01.483Z] ----------------------------------------------------------------------
[debug] [2024-01-14T15:50:01.487Z] Command:       C:\Program Files\nodejs\node.exe C:\Users\Md Shijan Ali\AppData\Roaming\npm\node_modules\firebase-tools\lib\bin\firebase.js deploy
[debug] [2024-01-14T15:50:01.488Z] CLI Version:   13.0.3
[debug] [2024-01-14T15:50:01.488Z] Platform:      win32
[debug] [2024-01-14T15:50:01.489Z] Node Version:  v20.9.0
[debug] [2024-01-14T15:50:01.489Z] Time:          Sun Jan 14 2024 21:50:01 GMT+0600 (Bangladesh Standard Time)
[debug] [2024-01-14T15:50:01.489Z] ----------------------------------------------------------------------
[debug] 
[debug] [2024-01-14T15:50:01.679Z] > command requires scopes: ["email","openid","https://www.googleapis.com/auth/cloudplatformprojects.readonly","https://www.googleapis.com/auth/firebase","https://www.googleapis.com/auth/cloud-platform"]
[debug] [2024-01-14T15:50:01.680Z] > authorizing via signed-in user (shijan135@gmail.com)
[debug] [2024-01-14T15:50:01.680Z] [iam] checking project expense-tracking-software for permissions ["firebase.projects.get","firebasehosting.sites.update"]
[debug] [2024-01-14T15:50:01.684Z] > refreshing access token with scopes: []
[debug] [2024-01-14T15:50:01.688Z] >>> [apiv2][query] POST https://www.googleapis.com/oauth2/v3/token [none]
[debug] [2024-01-14T15:50:01.688Z] >>> [apiv2][body] POST https://www.googleapis.com/oauth2/v3/token [omitted]
[debug] [2024-01-14T15:50:11.055Z] <<< [apiv2][status] POST https://www.googleapis.com/oauth2/v3/token 400
[debug] [2024-01-14T15:50:11.059Z] <<< [apiv2][body] POST https://www.googleapis.com/oauth2/v3/token [omitted]
[debug] [2024-01-14T15:50:11.061Z] >>> [apiv2][query] POST https://cloudresourcemanager.googleapis.com/v1/projects/expense-tracking-software:testIamPermissions [none]
[debug] [2024-01-14T15:50:11.062Z] >>> [apiv2][(partial)header] POST https://cloudresourcemanager.googleapis.com/v1/projects/expense-tracking-software:testIamPermissions x-goog-quota-user=projects/expense-tracking-software
[debug] [2024-01-14T15:50:11.063Z] >>> [apiv2][body] POST https://cloudresourcemanager.googleapis.com/v1/projects/expense-tracking-software:testIamPermissions {"permissions":["firebase.projects.get","firebasehosting.sites.update"]}
[debug] [2024-01-14T15:50:22.125Z] <<< [apiv2][status] POST https://cloudresourcemanager.googleapis.com/v1/projects/expense-tracking-software:testIamPermissions 401
[debug] [2024-01-14T15:50:22.127Z] <<< [apiv2][body] POST https://cloudresourcemanager.googleapis.com/v1/projects/expense-tracking-software:testIamPermissions {"error":{"code":401,"message":"Request had invalid authentication credentials. Expected OAuth 2 access token, login cookie or other valid authentication credential. See https://developers.google.com/identity/sign-in/web/devconsole-project.","status":"UNAUTHENTICATED","details":[{"@type":"type.googleapis.com/google.rpc.ErrorInfo","reason":"ACCESS_TOKEN_TYPE_UNSUPPORTED","metadata":{"service":"cloudresourcemanager.googleapis.com","method":"google.cloudresourcemanager.v1.Projects.TestIamPermissions"}}]}}
[debug] [2024-01-14T15:50:22.135Z] [iam] error while checking permissions, command may fail: FirebaseError: HTTP Error: 401, Request had invalid authentication credentials. Expected OAuth 2 access token, login cookie or other valid authentication credential. See https://developers.google.com/identity/sign-in/web/devconsole-project.
[debug] [2024-01-14T15:50:22.141Z] > refreshing access token with scopes: []
[debug] [2024-01-14T15:50:22.144Z] >>> [apiv2][query] POST https://www.googleapis.com/oauth2/v3/token [none]
[debug] [2024-01-14T15:50:22.144Z] >>> [apiv2][body] POST https://www.googleapis.com/oauth2/v3/token [omitted]
[debug] [2024-01-14T15:50:30.652Z] <<< [apiv2][status] POST https://www.googleapis.com/oauth2/v3/token 400
[debug] [2024-01-14T15:50:30.652Z] <<< [apiv2][body] POST https://www.googleapis.com/oauth2/v3/token [omitted]
[debug] [2024-01-14T15:50:30.656Z] >>> [apiv2][query] GET https://firebase.googleapis.com/v1beta1/projects/expense-tracking-software [none]
[debug] [2024-01-14T15:50:40.299Z] <<< [apiv2][status] GET https://firebase.googleapis.com/v1beta1/projects/expense-tracking-software 401
[debug] [2024-01-14T15:50:40.300Z] <<< [apiv2][body] GET https://firebase.googleapis.com/v1beta1/projects/expense-tracking-software {"error":{"code":401,"message":"Request had invalid authentication credentials. Expected OAuth 2 access token, login cookie or other valid authentication credential. See https://developers.google.com/identity/sign-in/web/devconsole-project.","status":"UNAUTHENTICATED"}}
[debug] [2024-01-14T15:50:40.303Z] HTTP Error: 401, Request had invalid authentication credentials. Expected OAuth 2 access token, login cookie or other valid authentication credential. See https://developers.google.com/identity/sign-in/web/devconsole-project.
[error] 
[error] Error: Assertion failed: resolving hosting target of a site with no site name or target name. This should have caused an error earlier
[debug] [2024-01-14T15:51:18.033Z] ----------------------------------------------------------------------
[debug] [2024-01-14T15:51:18.039Z] Command:       C:\Program Files\nodejs\node.exe C:\Users\Md Shijan Ali\AppData\Roaming\npm\node_modules\firebase-tools\lib\bin\firebase.js login
[debug] [2024-01-14T15:51:18.039Z] CLI Version:   13.0.3
[debug] [2024-01-14T15:51:18.040Z] Platform:      win32
[debug] [2024-01-14T15:51:18.040Z] Node Version:  v20.9.0
[debug] [2024-01-14T15:51:18.040Z] Time:          Sun Jan 14 2024 21:51:18 GMT+0600 (Bangladesh Standard Time)
[debug] [2024-01-14T15:51:18.041Z] ----------------------------------------------------------------------
[debug] 
[info] Already logged in as shijan135@gmail.com
[debug] [2024-01-14T15:51:28.358Z] Error: Timed out.
    at Timeout._onTimeout (C:\Users\Md Shijan Ali\AppData\Roaming\npm\node_modules\firebase-tools\lib\utils.js:258:49)
    at listOnTimeout (node:internal/timers:573:17)
    at process.processTimers (node:internal/timers:514:7)
[error] 
[error] Error: An unexpected error has occurred.
